<?xml version="1.0" encoding="UTF-8"?>
<!-- Generated by org.testng.reporters.JUnitReportReporter -->
<testsuite hostname="ARAVIND-HP" failures="0" tests="3" name="selprac.TestNGAnnotationsTest" time="0.012" errors="0" timestamp="2023-03-15T14:31:02 MDT" skipped="0">
  <testcase classname="selprac.TestNGAnnotationsTest" name="test2" time="0.007"/>
  <system-out/>
  <testcase classname="selprac.TestNGAnnotationsTest" name="test1" time="0.002"/>
  <system-out/>
  <testcase classname="selprac.TestNGAnnotationsTest" name="iamImportant" time="0.003"/>
  <system-out/>
</testsuite> <!-- selprac.TestNGAnnotationsTest -->
